#-----------------------------------------------------------
# updatemem v2021.2 (64-bit)
# SW Build 3367213 on Tue Oct 19 02:48:09 MDT 2021
# IP Build 3369179 on Thu Oct 21 08:25:16 MDT 2021
# Start of session at: Fri May 20 13:10:50 2022
# Process ID: 13488
# Current directory: C:/Users/pinky/OneDrive/Desktop/277Project/Vivado/VivadoProject
# Command line: updatemem.exe -mode batch -source C:/Xilinx/Vivado/2021.2/scripts/updatemem/main.tcl -notrace -tclargs -meminfo bram.mmi -data code.mem -proc my_bram -bit C:/Users/pinky/OneDrive/Desktop/277Project/Vivado/VivadoProject/VivadoProject.runs/impl_1/AHBLITE_SYS.bit -out reflash.bit -force -debug
# Log file: C:/Users/pinky/OneDrive/Desktop/277Project/Vivado/VivadoProject/updatemem.log
# Journal file: C:/Users/pinky/OneDrive/Desktop/277Project/Vivado/VivadoProject\updatemem.jou
# Running On: LAPTOP-4O1010KC, OS: Windows, CPU Frequency: 2096 MHz, CPU Physical cores: 12, Host memory: 7759 MB
#-----------------------------------------------------------
source C:/Xilinx/Vivado/2021.2/scripts/updatemem/main.tcl -notrace
Command: update_mem -meminfo bram.mmi -data code.mem -proc my_bram -bit C:/Users/pinky/OneDrive/Desktop/277Project/Vivado/VivadoProject/VivadoProject.runs/impl_1/AHBLITE_SYS.bit -out reflash.bit -force -debug
Loading bitfile C:/Users/pinky/OneDrive/Desktop/277Project/Vivado/VivadoProject/VivadoProject.runs/impl_1/AHBLITE_SYS.bit
Loading data files...
Updating memory content...
Creating bitstream...
Writing bitstream reflash.bit...
0 Infos, 0 Warnings, 0 Critical Warnings and 0 Errors encountered.
update_mem completed successfully
update_mem: Time (s): cpu = 00:00:13 ; elapsed = 00:00:14 . Memory (MB): peak = 1520.898 ; gain = 942.902
INFO: [Common 17-206] Exiting updatemem at Fri May 20 13:11:03 2022...
